<?xml version="1.0" encoding="UTF-8"?>
<!-- Generated by org.testng.reporters.JUnitReportReporter -->
<testsuite hostname="DESKTOP-JRAVQ96" failures="0" tests="6" name="com.traval.qa.test.NormalHotelBookingTest" time="48.501" errors="0" timestamp="2024-02-13T03:31:39 IST" skipped="0">
  <testcase classname="com.traval.qa.test.NormalHotelBookingTest" name="Validate_HomePage_Title" time="2.607"/>
  <testcase classname="com.traval.qa.test.NormalHotelBookingTest" name="ValidataBy_AddingRequirment_InHomePage" time="14.203"/>
  <testcase classname="com.traval.qa.test.NormalHotelBookingTest" name="Validateby_Requirments_Matchingin_ListingPage_FromHomePage" time="11.594"/>
  <testcase classname="com.traval.qa.test.NormalHotelBookingTest" name="Validate_Hotelpage_bycheckingrequirment_FromHomePage" time="11.271"/>
  <testcase classname="com.traval.qa.test.NormalHotelBookingTest" name="Validate_CheckoutPagerequirment_From_HomePage" time="4.470"/>
  <testcase classname="com.traval.qa.test.NormalHotelBookingTest" name="SucessFul_MassageConfirmation" time="4.356"/>
</testsuite> <!-- com.traval.qa.test.NormalHotelBookingTest -->
