<?xml version="1.0" encoding="UTF-8"?>
<!-- Generated by org.testng.reporters.JUnitReportReporter -->
<testsuite hostname="DESKTOP-JRAVQ96" failures="0" tests="6" name="com.traval.qa.test.ApplyFilterTest" time="127.268" errors="0" timestamp="2024-02-13T14:00:26 IST" skipped="0">
  <testcase classname="com.traval.qa.test.ApplyFilterTest" name="Validate_HomePage_Title" time="1.736"/>
  <testcase classname="com.traval.qa.test.ApplyFilterTest" name="ValidataBy_AddingRequirment_InHomePage" time="12.328"/>
  <testcase classname="com.traval.qa.test.ApplyFilterTest" name="verify_Multiple_Filter_ListingPage" time="96.354"/>
  <testcase classname="com.traval.qa.test.ApplyFilterTest" name="Validate_Hotelpage_booking" time="7.989"/>
  <testcase classname="com.traval.qa.test.ApplyFilterTest" name="Validate_CheckoutPagerequirment_From_EditedHotelPage" time="3.550"/>
  <testcase classname="com.traval.qa.test.ApplyFilterTest" name="SucessFul_MassageConfirmation" time="5.311"/>
</testsuite> <!-- com.traval.qa.test.ApplyFilterTest -->
