<?xml version="1.0" encoding="UTF-8"?>
<!-- Generated by org.testng.reporters.JUnitReportReporter -->
<testsuite hostname="DESKTOP-JRAVQ96" failures="0" tests="6" name="com.traval.qa.test.SearchAndHotelpageEditTest" time="74.676" errors="0" timestamp="2024-02-13T14:00:26 IST" skipped="0">
  <testcase classname="com.traval.qa.test.SearchAndHotelpageEditTest" name="Validate_HomePage_Title" time="1.680"/>
  <testcase classname="com.traval.qa.test.SearchAndHotelpageEditTest" name="ValidataBy_AddingRequirment_InHomePage" time="12.804"/>
  <testcase classname="com.traval.qa.test.SearchAndHotelpageEditTest" name="Edit_Requirments_InListingPage" time="36.980"/>
  <testcase classname="com.traval.qa.test.SearchAndHotelpageEditTest" name="Edit_the_Hotel_Details_ByMatchingDetails_with_EditedListingPage" time="16.262"/>
  <testcase classname="com.traval.qa.test.SearchAndHotelpageEditTest" name="Validate_CheckoutPagerequirment_From_EditedHotelPage" time="3.655"/>
  <testcase classname="com.traval.qa.test.SearchAndHotelpageEditTest" name="SucessFul_MassageConfirmation" time="3.295"/>
</testsuite> <!-- com.traval.qa.test.SearchAndHotelpageEditTest -->
