<?xml version="1.0" encoding="UTF-8"?>
<!-- Generated by org.testng.reporters.JUnitReportReporter -->
<testsuite hostname="DESKTOP-JRAVQ96" failures="0" tests="5" name="com.traval.qa.test.SearchCarTest" time="55.517" errors="0" timestamp="2024-02-13T14:00:26 IST" skipped="0">
  <testcase classname="com.traval.qa.test.SearchCarTest" name="Validate_HomePage_ForCar" time="1.727"/>
  <testcase classname="com.traval.qa.test.SearchCarTest" name="adding_Car_Requirment_In_HomePage" time="15.252"/>
  <testcase classname="com.traval.qa.test.SearchCarTest" name="Matching_Requirment_inListingPage_With_HomePageCar" time="25.575"/>
  <testcase classname="com.traval.qa.test.SearchCarTest" name="Matching_Requirment_InCheckoutPage_With_HomePageCar" time="6.075"/>
  <testcase classname="com.traval.qa.test.SearchCarTest" name="Matching_SucessFul_Massage" time="6.888"/>
</testsuite> <!-- com.traval.qa.test.SearchCarTest -->
