<?xml version="1.0" encoding="UTF-8"?>
<!-- Generated by org.testng.reporters.JUnitReportReporter -->
<testsuite hostname="DESKTOP-JRAVQ96" failures="0" tests="6" name="com.traval.qa.test.EditInSearchPageTest" time="79.727" errors="0" timestamp="2024-02-13T14:00:26 IST" skipped="0">
  <testcase classname="com.traval.qa.test.EditInSearchPageTest" name="Validate_HomePage_Title" time="1.730"/>
  <testcase classname="com.traval.qa.test.EditInSearchPageTest" name="ValidataBy_AddingRequirment_InHomePage" time="15.086"/>
  <testcase classname="com.traval.qa.test.EditInSearchPageTest" name="Edit_Requirments_InListingPage" time="48.753"/>
  <testcase classname="com.traval.qa.test.EditInSearchPageTest" name="Validate_Hotelpageby_checkingrequirment_From_EditedListingPage" time="7.351"/>
  <testcase classname="com.traval.qa.test.EditInSearchPageTest" name="Validate_CheckoutPagerequirment_From_EditedLisngPage" time="3.793"/>
  <testcase classname="com.traval.qa.test.EditInSearchPageTest" name="SucessFul_MassageConfirmation" time="3.014"/>
</testsuite> <!-- com.traval.qa.test.EditInSearchPageTest -->
