<?xml version="1.0" encoding="UTF-8"?>
<!-- Generated by org.testng.reporters.JUnitReportReporter -->
<testsuite hostname="DESKTOP-JRAVQ96" failures="0" tests="6" name="com.traval.qa.test.SearchHotelTest" time="67.352" errors="0" timestamp="2024-02-13T03:47:25 IST" skipped="0">
  <testcase classname="com.traval.qa.test.SearchHotelTest" name="Validate_HomePage_Title" time="1.495"/>
  <testcase classname="com.traval.qa.test.SearchHotelTest" name="ValidataBy_AddingRequirment_InHomePage" time="12.630"/>
  <testcase classname="com.traval.qa.test.SearchHotelTest" name="Edit_Requirments_InListingPage" time="37.601"/>
  <testcase classname="com.traval.qa.test.SearchHotelTest" name="Validate_Hotelpageby_checkingrequirment_From_EditedListingPage" time="7.432"/>
  <testcase classname="com.traval.qa.test.SearchHotelTest" name="Validate_CheckoutPagerequirment_From_EditedLisngPage" time="4.964"/>
  <testcase classname="com.traval.qa.test.SearchHotelTest" name="SucessFul_MassageConfirmation" time="3.230"/>
</testsuite> <!-- com.traval.qa.test.SearchHotelTest -->
