<?xml version="1.0" encoding="UTF-8"?>
<!-- Generated by org.testng.reporters.JUnitReportReporter -->
<testsuite hostname="DESKTOP-JRAVQ96" failures="0" tests="8" name="com.traval.qa.test.LoginLogoutTest" time="59.515" errors="0" timestamp="2024-02-13T14:00:26 IST" skipped="0">
  <testcase classname="com.traval.qa.test.LoginLogoutTest" name="Validate_HomePage" time="1.724"/>
  <testcase classname="com.traval.qa.test.LoginLogoutTest" name="Validate_HomePage" time="1.759"/>
  <testcase classname="com.traval.qa.test.LoginLogoutTest" name="Validate_UnsucessfulLogin" time="8.926"/>
  <testcase classname="com.traval.qa.test.LoginLogoutTest" name="Validate_UnsucessfulLogin" time="8.495"/>
  <testcase classname="com.traval.qa.test.LoginLogoutTest" name="Validate_SucessFullLogin_ClickMultiplePage" time="14.270"/>
  <testcase classname="com.traval.qa.test.LoginLogoutTest" name="Validate_SucessFullLogin_ClickMultiplePage" time="16.393"/>
  <testcase classname="com.traval.qa.test.LoginLogoutTest" name="Validate_AfterClicking_SignOut" time="3.877"/>
  <testcase classname="com.traval.qa.test.LoginLogoutTest" name="Validate_AfterClicking_SignOut" time="4.071"/>
</testsuite> <!-- com.traval.qa.test.LoginLogoutTest -->
