<?xml version="1.0" encoding="UTF-8"?>
<!-- Generated by org.testng.reporters.JUnitReportReporter -->
<testsuite hostname="DESKTOP-JRAVQ96" failures="0" tests="4" name="com.traval.qa.test.ResentViewHotelTest" time="49.542" errors="0" timestamp="2024-02-13T14:00:26 IST" skipped="0">
  <testcase classname="com.traval.qa.test.ResentViewHotelTest" name="Validate_HomePage" time="1.722"/>
  <testcase classname="com.traval.qa.test.ResentViewHotelTest" name="ValidataBy_AddingRequirment_InHomePage" time="14.024"/>
  <testcase classname="com.traval.qa.test.ResentViewHotelTest" name="Validateby_Selecting_The_Recent_Three_Hotel" time="33.785"/>
  <testcase classname="com.traval.qa.test.ResentViewHotelTest" name="Validate_Selected_HotelIn_HomePage_RecentTab" time="0.011"/>
</testsuite> <!-- com.traval.qa.test.ResentViewHotelTest -->
